Performing C SOURCE FILE Test CMAKE_HAVE_LIBC_PTHREAD failed with the following output:
Change Dir: /home/nvidia/Work/sp-sold2-vins_ws/src/sp-sold2-vins/build/CMakeFiles/CMakeTmp

Run Build Command(s):/usr/bin/make cmTC_cf3ce/fast && /usr/bin/make -f CMakeFiles/cmTC_cf3ce.dir/build.make CMakeFiles/cmTC_cf3ce.dir/build
make[1]: Entering directory '/home/nvidia/Work/sp-sold2-vins_ws/src/sp-sold2-vins/build/CMakeFiles/CMakeTmp'
Building C object CMakeFiles/cmTC_cf3ce.dir/src.c.o
/usr/bin/aarch64-linux-gnu-gcc   -DCMAKE_HAVE_LIBC_PTHREAD   -o CMakeFiles/cmTC_cf3ce.dir/src.c.o   -c /home/nvidia/Work/sp-sold2-vins_ws/src/sp-sold2-vins/build/CMakeFiles/CMakeTmp/src.c
Linking C executable cmTC_cf3ce
/usr/bin/cmake -E cmake_link_script CMakeFiles/cmTC_cf3ce.dir/link.txt --verbose=1
/usr/bin/aarch64-linux-gnu-gcc  -DCMAKE_HAVE_LIBC_PTHREAD    -rdynamic CMakeFiles/cmTC_cf3ce.dir/src.c.o  -o cmTC_cf3ce 
/usr/bin/ld: CMakeFiles/cmTC_cf3ce.dir/src.c.o: in function `main':
src.c:(.text+0x48): undefined reference to `pthread_create'
/usr/bin/ld: src.c:(.text+0x50): undefined reference to `pthread_detach'
/usr/bin/ld: src.c:(.text+0x5c): undefined reference to `pthread_join'
collect2: error: ld returned 1 exit status
make[1]: *** [CMakeFiles/cmTC_cf3ce.dir/build.make:87: cmTC_cf3ce] Error 1
make[1]: Leaving directory '/home/nvidia/Work/sp-sold2-vins_ws/src/sp-sold2-vins/build/CMakeFiles/CMakeTmp'
make: *** [Makefile:121: cmTC_cf3ce/fast] Error 2


Source file was:
#include <pthread.h>

void* test_func(void* data)
{
  return data;
}

int main(void)
{
  pthread_t thread;
  pthread_create(&thread, NULL, test_func, NULL);
  pthread_detach(thread);
  pthread_join(thread, NULL);
  pthread_atfork(NULL, NULL, NULL);
  pthread_exit(NULL);

  return 0;
}

Determining if the function pthread_create exists in the pthreads failed with the following output:
Change Dir: /home/nvidia/Work/sp-sold2-vins_ws/src/sp-sold2-vins/build/CMakeFiles/CMakeTmp

Run Build Command(s):/usr/bin/make cmTC_ab27e/fast && /usr/bin/make -f CMakeFiles/cmTC_ab27e.dir/build.make CMakeFiles/cmTC_ab27e.dir/build
make[1]: Entering directory '/home/nvidia/Work/sp-sold2-vins_ws/src/sp-sold2-vins/build/CMakeFiles/CMakeTmp'
Building C object CMakeFiles/cmTC_ab27e.dir/CheckFunctionExists.c.o
/usr/bin/aarch64-linux-gnu-gcc   -DCHECK_FUNCTION_EXISTS=pthread_create   -o CMakeFiles/cmTC_ab27e.dir/CheckFunctionExists.c.o   -c /usr/share/cmake-3.16/Modules/CheckFunctionExists.c
Linking C executable cmTC_ab27e
/usr/bin/cmake -E cmake_link_script CMakeFiles/cmTC_ab27e.dir/link.txt --verbose=1
/usr/bin/aarch64-linux-gnu-gcc  -DCHECK_FUNCTION_EXISTS=pthread_create    -rdynamic CMakeFiles/cmTC_ab27e.dir/CheckFunctionExists.c.o  -o cmTC_ab27e  -lpthreads 
/usr/bin/ld: cannot find -lpthreads
collect2: error: ld returned 1 exit status
make[1]: *** [CMakeFiles/cmTC_ab27e.dir/build.make:87: cmTC_ab27e] Error 1
make[1]: Leaving directory '/home/nvidia/Work/sp-sold2-vins_ws/src/sp-sold2-vins/build/CMakeFiles/CMakeTmp'
make: *** [Makefile:121: cmTC_ab27e/fast] Error 2



